info it worked if it ends with ok
verbose cli [ 'c:\\dev\\PDK\\\\node.exe',
verbose cli   'c:\\dev\\PDK\\node_modules\\npm\\bin\\npm-cli.js',
verbose cli   'install',
verbose cli   'node-mongodb-native',
verbose cli   'drive' ]
info using npm@1.1.12
info using node@v0.6.14
verbose c:\dev\PDK\\node.exe node symlink
verbose config file C:\Users\erin\.npmrc
verbose config file c:\dev\PDK\etc\npmrc
verbose config file c:\dev\PDK\node_modules\npm\npmrc
verbose mkdir done: C:\Users\erin\AppData\Roaming\npm 755
verbose cache add [ 'node-mongodb-native', null ]
silly cache add: name, spec, args [ undefined,
silly cache add: name, spec, args   'node-mongodb-native',
silly cache add: name, spec, args   [ 'node-mongodb-native', null ] ]
verbose parsed url { pathname: 'node-mongodb-native',
verbose parsed url   path: 'node-mongodb-native',
verbose parsed url   href: 'node-mongodb-native' }
verbose cache add [ 'drive', null ]
silly cache add: name, spec, args [ undefined, 'drive', [ 'drive', null ] ]
verbose parsed url { pathname: 'drive', path: 'drive', href: 'drive' }
verbose addNamed [ 'node-mongodb-native', '' ]
verbose addNamed [ null, '' ]
silly name, range, hasData [ 'node-mongodb-native', '', false ]
verbose addNamed [ 'drive', '' ]
verbose addNamed [ null, '' ]
silly name, range, hasData [ 'drive', '', false ]
verbose raw, before any munging node-mongodb-native
verbose url resolving [ 'https://registry.npmjs.org/', './node-mongodb-native' ]
verbose url resolved https://registry.npmjs.org/node-mongodb-native
http GET https://registry.npmjs.org/node-mongodb-native
verbose raw, before any munging drive
verbose url resolving [ 'https://registry.npmjs.org/', './drive' ]
verbose url resolved https://registry.npmjs.org/drive
http GET https://registry.npmjs.org/drive
http 200 https://registry.npmjs.org/drive
silly get cb [ 200,
silly get cb   { vary: 'Accept',
silly get cb     server: 'CouchDB/1.2.0 (Erlang OTP/R15B)',
silly get cb     etag: '"7AIE9MAOXUBNM6QGFUUP9U6DH"',
silly get cb     date: 'Tue, 31 Jul 2012 09:44:42 GMT',
silly get cb     'content-type': 'application/json',
silly get cb     'content-length': '4791' } ]
verbose mkdir (expected) error ENOENT, stat 'C:\Users\erin\AppData\Roaming\npm-cache\drive'
verbose mkdir done: C:\Users\erin\AppData\Roaming\npm-cache\drive 755
silly name, range, hasData 2 [ 'drive', '', true ]
silly versions [ 'drive', [ '0.1.0', '0.1.1', '0.1.2', '0.1.3' ] ]
verbose bin dist [ '0.6-ares1.7.5-DEV-evundefined-openssl0.9.8r-v83.6.6.24-win32-ia32-6.1.7600',
verbose bin dist   { shasum: '7c63de3e12de67ce943b48a983a0a5beb8f7829b',
verbose bin dist     tarball: 'http://registry.npmjs.org/drive/-/drive-0.1.3.tgz' } ]
verbose addRemoteTarball [ 'https://registry.npmjs.org/drive/-/drive-0.1.3.tgz',
verbose addRemoteTarball   '7c63de3e12de67ce943b48a983a0a5beb8f7829b' ]
verbose mkdir (expected) error ENOENT, stat 'C:\Users\erin\AppData\Local\Temp\npm-1343727982669'
verbose mkdir (expected) error ENOENT, stat 'C:\Users\erin\AppData\Local\Temp\npm-1343727982669\1343727982669-0.3133988562040031'
verbose mkdir done: C:\Users\erin\AppData\Local\Temp\npm-1343727982669\1343727982669-0.3133988562040031 755
verbose fetch to C:\Users\erin\AppData\Local\Temp\npm-1343727982669\1343727982669-0.3133988562040031\tmp.tgz
verbose mkdir done: C:\Users\erin\AppData\Local\Temp\npm-1343727982669\1343727982669-0.3133988562040031 755
http GET https://registry.npmjs.org/drive/-/drive-0.1.3.tgz
http 404 https://registry.npmjs.org/node-mongodb-native
silly get cb [ 404,
silly get cb   { server: 'CouchDB/1.2.0 (Erlang OTP/R15B)',
silly get cb     date: 'Tue, 31 Jul 2012 09:44:42 GMT',
silly get cb     'content-type': 'application/json',
silly get cb     'content-length': '52',
silly get cb     'cache-control': 'must-revalidate' } ]
ERR! 404 'node-mongodb-native' is not in the npm registry.
ERR! 404 You should bug the author to publish it
ERR! 404 Maybe try 'npm search mongodb native'
ERR! 404 Note that you can also install from a
ERR! 404 tarball, folder, or http url, or git url.
ERR! 
ERR! System Windows_NT 6.1.7600
ERR! command "c:\\dev\\PDK\\\\node.exe" "c:\\dev\\PDK\\node_modules\\npm\\bin\\npm-cli.js" "install" "node-mongodb-native" "drive"
ERR! cwd c:\dev\PDK
ERR! node -v v0.6.14
ERR! npm -v 1.1.12
ERR! code E404
ERR! message 404 Not Found: node-mongodb-native
ERR! errno {}
verbose exit [ 1, true ]
